2018-12-04 00:07:39.569 ERROR 13260 --- [http-nio-8080-exec-1] o.a.catalina.core.AprLifecycleListener   : An incompatible version [1.1.33] of the APR based Apache Tomcat Native library is installed, while Tomcat requires version [1.2.14]
2018-12-04 00:07:39.594  INFO 13260 --- [http-nio-8080-exec-1] o.a.c.c.C.[.[localhost].[/aliSMS]        : Initializing Spring FrameworkServlet 'dispatcherServlet'
2018-12-04 00:07:39.595  INFO 13260 --- [http-nio-8080-exec-1] o.s.web.servlet.DispatcherServlet        : FrameworkServlet 'dispatcherServlet': initialization started
2018-12-04 00:07:39.639  INFO 13260 --- [http-nio-8080-exec-1] o.s.web.servlet.DispatcherServlet        : FrameworkServlet 'dispatcherServlet': initialization completed in 44 ms
2018-12-04 00:07:39.907  INFO 13260 --- [http-nio-8080-exec-1] o.h.h.i.QueryTranslatorFactoryInitiator  : HHH000397: Using ASTQueryTranslatorFactory
2018-12-04 00:07:40.125  WARN 13260 --- [http-nio-8080-exec-1] o.h.engine.jdbc.spi.SqlExceptionHelper   : SQL Error: 1054, SQLState: 42S22
2018-12-04 00:07:40.125 ERROR 13260 --- [http-nio-8080-exec-1] o.h.engine.jdbc.spi.SqlExceptionHelper   : Unknown column 'userdata0_.avatar' in 'field list'
2018-12-04 00:07:40.154 ERROR 13260 --- [http-nio-8080-exec-1] o.a.c.c.C.[.[.[.[dispatcherServlet]      : Servlet.service() for servlet [dispatcherServlet] in context with path [/aliSMS] threw exception [Request processing failed; nested exception is org.springframework.dao.InvalidDataAccessResourceUsageException: could not extract ResultSet; SQL [n/a]; nested exception is org.hibernate.exception.SQLGrammarException: could not extract ResultSet] with root cause

org.mariadb.jdbc.internal.common.QueryException: Unknown column 'userdata0_.avatar' in 'field list'
	at org.mariadb.jdbc.internal.mysql.MySQLProtocol.getResult(MySQLProtocol.java:942) ~[mariadb-java-client-1.1.7.jar:na]
	at org.mariadb.jdbc.internal.mysql.MySQLProtocol.executeQuery(MySQLProtocol.java:991) ~[mariadb-java-client-1.1.7.jar:na]
	at org.mariadb.jdbc.MySQLStatement.execute(MySQLStatement.java:281) ~[mariadb-java-client-1.1.7.jar:na]
	at org.mariadb.jdbc.MySQLStatement.executeQuery(MySQLStatement.java:302) ~[mariadb-java-client-1.1.7.jar:na]
	at org.mariadb.jdbc.MySQLPreparedStatement.executeQuery(MySQLPreparedStatement.java:112) ~[mariadb-java-client-1.1.7.jar:na]
	at com.zaxxer.hikari.pool.ProxyPreparedStatement.executeQuery(ProxyPreparedStatement.java:52) ~[HikariCP-2.7.9.jar:na]
	at com.zaxxer.hikari.pool.HikariProxyPreparedStatement.executeQuery(HikariProxyPreparedStatement.java) ~[HikariCP-2.7.9.jar:na]
	at org.hibernate.engine.jdbc.internal.ResultSetReturnImpl.extract(ResultSetReturnImpl.java:60) ~[hibernate-core-5.2.17.Final.jar:5.2.17.Final]
	at org.hibernate.loader.Loader.getResultSet(Loader.java:2168) ~[hibernate-core-5.2.17.Final.jar:5.2.17.Final]
	at org.hibernate.loader.Loader.executeQueryStatement(Loader.java:1931) ~[hibernate-core-5.2.17.Final.jar:5.2.17.Final]
	at org.hibernate.loader.Loader.executeQueryStatement(Loader.java:1893) ~[hibernate-core-5.2.17.Final.jar:5.2.17.Final]
	at org.hibernate.loader.Loader.doQuery(Loader.java:938) ~[hibernate-core-5.2.17.Final.jar:5.2.17.Final]
	at org.hibernate.loader.Loader.doQueryAndInitializeNonLazyCollections(Loader.java:341) ~[hibernate-core-5.2.17.Final.jar:5.2.17.Final]
	at org.hibernate.loader.Loader.doList(Loader.java:2692) ~[hibernate-core-5.2.17.Final.jar:5.2.17.Final]
	at org.hibernate.loader.Loader.doList(Loader.java:2675) ~[hibernate-core-5.2.17.Final.jar:5.2.17.Final]
	at org.hibernate.loader.Loader.listIgnoreQueryCache(Loader.java:2507) ~[hibernate-core-5.2.17.Final.jar:5.2.17.Final]
	at org.hibernate.loader.Loader.list(Loader.java:2502) ~[hibernate-core-5.2.17.Final.jar:5.2.17.Final]
	at org.hibernate.loader.hql.QueryLoader.list(QueryLoader.java:502) ~[hibernate-core-5.2.17.Final.jar:5.2.17.Final]
	at org.hibernate.hql.internal.ast.QueryTranslatorImpl.list(QueryTranslatorImpl.java:392) ~[hibernate-core-5.2.17.Final.jar:5.2.17.Final]
	at org.hibernate.engine.query.spi.HQLQueryPlan.performList(HQLQueryPlan.java:216) ~[hibernate-core-5.2.17.Final.jar:5.2.17.Final]
	at org.hibernate.internal.SessionImpl.list(SessionImpl.java:1490) ~[hibernate-core-5.2.17.Final.jar:5.2.17.Final]
	at org.hibernate.query.internal.AbstractProducedQuery.doList(AbstractProducedQuery.java:1445) ~[hibernate-core-5.2.17.Final.jar:5.2.17.Final]
	at org.hibernate.query.internal.AbstractProducedQuery.list(AbstractProducedQuery.java:1414) ~[hibernate-core-5.2.17.Final.jar:5.2.17.Final]
	at org.hibernate.query.Query.getResultList(Query.java:146) ~[hibernate-core-5.2.17.Final.jar:5.2.17.Final]
	at com.move.dao.impl.BaseDaoImpl.find(BaseDaoImpl.java:216) ~[classes/:na]
	at com.move.dao.impl.BaseDaoImpl.get(BaseDaoImpl.java:136) ~[classes/:na]
	at com.move.dao.impl.BaseDaoImpl$$FastClassBySpringCGLIB$$35c5bc7f.invoke(<generated>) ~[classes/:na]
	at org.springframework.cglib.proxy.MethodProxy.invoke(MethodProxy.java:204) ~[spring-core-5.0.9.RELEASE.jar:5.0.9.RELEASE]
	at org.springframework.aop.framework.CglibAopProxy$CglibMethodInvocation.invokeJoinpoint(CglibAopProxy.java:746) ~[spring-aop-5.0.9.RELEASE.jar:5.0.9.RELEASE]
	at org.springframework.aop.framework.ReflectiveMethodInvocation.proceed(ReflectiveMethodInvocation.java:163) ~[spring-aop-5.0.9.RELEASE.jar:5.0.9.RELEASE]
	at org.springframework.dao.support.PersistenceExceptionTranslationInterceptor.invoke(PersistenceExceptionTranslationInterceptor.java:139) ~[spring-tx-5.0.9.RELEASE.jar:5.0.9.RELEASE]
	at org.springframework.aop.framework.ReflectiveMethodInvocation.proceed(ReflectiveMethodInvocation.java:185) ~[spring-aop-5.0.9.RELEASE.jar:5.0.9.RELEASE]
	at org.springframework.transaction.interceptor.TransactionAspectSupport.invokeWithinTransaction(TransactionAspectSupport.java:294) ~[spring-tx-5.0.9.RELEASE.jar:5.0.9.RELEASE]
	at org.springframework.transaction.interceptor.TransactionInterceptor.invoke(TransactionInterceptor.java:98) ~[spring-tx-5.0.9.RELEASE.jar:5.0.9.RELEASE]
	at org.springframework.aop.framework.ReflectiveMethodInvocation.proceed(ReflectiveMethodInvocation.java:185) ~[spring-aop-5.0.9.RELEASE.jar:5.0.9.RELEASE]
	at org.springframework.aop.framework.CglibAopProxy$DynamicAdvisedInterceptor.intercept(CglibAopProxy.java:688) ~[spring-aop-5.0.9.RELEASE.jar:5.0.9.RELEASE]
	at com.move.dao.impl.UserDataDaoImpl$$EnhancerBySpringCGLIB$$d5b82990.get(<generated>) ~[classes/:na]
	at com.move.service.impl.LoginServiveImpl.load(LoginServiveImpl.java:35) ~[classes/:na]
	at com.move.service.impl.LoginServiveImpl$$FastClassBySpringCGLIB$$2045f8fe.invoke(<generated>) ~[classes/:na]
	at org.springframework.cglib.proxy.MethodProxy.invoke(MethodProxy.java:204) ~[spring-core-5.0.9.RELEASE.jar:5.0.9.RELEASE]
	at org.springframework.aop.framework.CglibAopProxy$CglibMethodInvocation.invokeJoinpoint(CglibAopProxy.java:746) ~[spring-aop-5.0.9.RELEASE.jar:5.0.9.RELEASE]
	at org.springframework.aop.framework.ReflectiveMethodInvocation.proceed(ReflectiveMethodInvocation.java:163) ~[spring-aop-5.0.9.RELEASE.jar:5.0.9.RELEASE]
	at org.springframework.transaction.interceptor.TransactionAspectSupport.invokeWithinTransaction(TransactionAspectSupport.java:294) ~[spring-tx-5.0.9.RELEASE.jar:5.0.9.RELEASE]
	at org.springframework.transaction.interceptor.TransactionInterceptor.invoke(TransactionInterceptor.java:98) ~[spring-tx-5.0.9.RELEASE.jar:5.0.9.RELEASE]
	at org.springframework.aop.framework.ReflectiveMethodInvocation.proceed(ReflectiveMethodInvocation.java:185) ~[spring-aop-5.0.9.RELEASE.jar:5.0.9.RELEASE]
	at org.springframework.aop.framework.CglibAopProxy$DynamicAdvisedInterceptor.intercept(CglibAopProxy.java:688) ~[spring-aop-5.0.9.RELEASE.jar:5.0.9.RELEASE]
	at com.move.service.impl.LoginServiveImpl$$EnhancerBySpringCGLIB$$b1b74d39.load(<generated>) ~[classes/:na]
	at com.move.action.LoginAction.loadInfo(LoginAction.java:25) ~[classes/:na]
	at com.move.action.LoginAction$$FastClassBySpringCGLIB$$b71416f7.invoke(<generated>) ~[classes/:na]
	at org.springframework.cglib.proxy.MethodProxy.invoke(MethodProxy.java:204) ~[spring-core-5.0.9.RELEASE.jar:5.0.9.RELEASE]
	at org.springframework.aop.framework.CglibAopProxy$CglibMethodInvocation.invokeJoinpoint(CglibAopProxy.java:746) ~[spring-aop-5.0.9.RELEASE.jar:5.0.9.RELEASE]
	at org.springframework.aop.framework.ReflectiveMethodInvocation.proceed(ReflectiveMethodInvocation.java:163) ~[spring-aop-5.0.9.RELEASE.jar:5.0.9.RELEASE]
	at org.springframework.aop.framework.adapter.MethodBeforeAdviceInterceptor.invoke(MethodBeforeAdviceInterceptor.java:56) ~[spring-aop-5.0.9.RELEASE.jar:5.0.9.RELEASE]
	at org.springframework.aop.framework.ReflectiveMethodInvocation.proceed(ReflectiveMethodInvocation.java:185) ~[spring-aop-5.0.9.RELEASE.jar:5.0.9.RELEASE]
	at org.springframework.aop.aspectj.AspectJAfterAdvice.invoke(AspectJAfterAdvice.java:47) ~[spring-aop-5.0.9.RELEASE.jar:5.0.9.RELEASE]
	at org.springframework.aop.framework.ReflectiveMethodInvocation.proceed(ReflectiveMethodInvocation.java:185) ~[spring-aop-5.0.9.RELEASE.jar:5.0.9.RELEASE]
	at org.springframework.aop.interceptor.ExposeInvocationInterceptor.invoke(ExposeInvocationInterceptor.java:92) ~[spring-aop-5.0.9.RELEASE.jar:5.0.9.RELEASE]
	at org.springframework.aop.framework.ReflectiveMethodInvocation.proceed(ReflectiveMethodInvocation.java:185) ~[spring-aop-5.0.9.RELEASE.jar:5.0.9.RELEASE]
	at org.springframework.aop.framework.CglibAopProxy$DynamicAdvisedInterceptor.intercept(CglibAopProxy.java:688) ~[spring-aop-5.0.9.RELEASE.jar:5.0.9.RELEASE]
	at com.move.action.LoginAction$$EnhancerBySpringCGLIB$$5f564648.loadInfo(<generated>) ~[classes/:na]
	at sun.reflect.NativeMethodAccessorImpl.invoke0(Native Method) ~[na:1.8.0_181]
	at sun.reflect.NativeMethodAccessorImpl.invoke(NativeMethodAccessorImpl.java:62) ~[na:1.8.0_181]
	at sun.reflect.DelegatingMethodAccessorImpl.invoke(DelegatingMethodAccessorImpl.java:43) ~[na:1.8.0_181]
	at java.lang.reflect.Method.invoke(Method.java:498) ~[na:1.8.0_181]
	at org.springframework.web.method.support.InvocableHandlerMethod.doInvoke(InvocableHandlerMethod.java:209) ~[spring-web-5.0.9.RELEASE.jar:5.0.9.RELEASE]
	at org.springframework.web.method.support.InvocableHandlerMethod.invokeForRequest(InvocableHandlerMethod.java:136) ~[spring-web-5.0.9.RELEASE.jar:5.0.9.RELEASE]
	at org.springframework.web.servlet.mvc.method.annotation.ServletInvocableHandlerMethod.invokeAndHandle(ServletInvocableHandlerMethod.java:102) ~[spring-webmvc-5.0.9.RELEASE.jar:5.0.9.RELEASE]
	at org.springframework.web.servlet.mvc.method.annotation.RequestMappingHandlerAdapter.invokeHandlerMethod(RequestMappingHandlerAdapter.java:891) ~[spring-webmvc-5.0.9.RELEASE.jar:5.0.9.RELEASE]
	at org.springframework.web.servlet.mvc.method.annotation.RequestMappingHandlerAdapter.handleInternal(RequestMappingHandlerAdapter.java:797) ~[spring-webmvc-5.0.9.RELEASE.jar:5.0.9.RELEASE]
	at org.springframework.web.servlet.mvc.method.AbstractHandlerMethodAdapter.handle(AbstractHandlerMethodAdapter.java:87) ~[spring-webmvc-5.0.9.RELEASE.jar:5.0.9.RELEASE]
	at org.springframework.web.servlet.DispatcherServlet.doDispatch(DispatcherServlet.java:991) ~[spring-webmvc-5.0.9.RELEASE.jar:5.0.9.RELEASE]
	at org.springframework.web.servlet.DispatcherServlet.doService(DispatcherServlet.java:925) ~[spring-webmvc-5.0.9.RELEASE.jar:5.0.9.RELEASE]
	at org.springframework.web.servlet.FrameworkServlet.processRequest(FrameworkServlet.java:974) ~[spring-webmvc-5.0.9.RELEASE.jar:5.0.9.RELEASE]
	at org.springframework.web.servlet.FrameworkServlet.doGet(FrameworkServlet.java:866) ~[spring-webmvc-5.0.9.RELEASE.jar:5.0.9.RELEASE]
	at javax.servlet.http.HttpServlet.service(HttpServlet.java:635) ~[tomcat-embed-core-8.5.34.jar:8.5.34]
	at org.springframework.web.servlet.FrameworkServlet.service(FrameworkServlet.java:851) ~[spring-webmvc-5.0.9.RELEASE.jar:5.0.9.RELEASE]
	at javax.servlet.http.HttpServlet.service(HttpServlet.java:742) ~[tomcat-embed-core-8.5.34.jar:8.5.34]
	at org.apache.catalina.core.ApplicationFilterChain.internalDoFilter(ApplicationFilterChain.java:231) ~[tomcat-embed-core-8.5.34.jar:8.5.34]
	at org.apache.catalina.core.ApplicationFilterChain.doFilter(ApplicationFilterChain.java:166) ~[tomcat-embed-core-8.5.34.jar:8.5.34]
	at org.apache.tomcat.websocket.server.WsFilter.doFilter(WsFilter.java:52) ~[tomcat-embed-websocket-8.5.34.jar:8.5.34]
	at org.apache.catalina.core.ApplicationFilterChain.internalDoFilter(ApplicationFilterChain.java:193) ~[tomcat-embed-core-8.5.34.jar:8.5.34]
	at org.apache.catalina.core.ApplicationFilterChain.doFilter(ApplicationFilterChain.java:166) ~[tomcat-embed-core-8.5.34.jar:8.5.34]
	at org.springframework.web.filter.CorsFilter.doFilterInternal(CorsFilter.java:96) ~[spring-web-5.0.9.RELEASE.jar:5.0.9.RELEASE]
	at org.springframework.web.filter.OncePerRequestFilter.doFilter(OncePerRequestFilter.java:107) ~[spring-web-5.0.9.RELEASE.jar:5.0.9.RELEASE]
	at org.apache.catalina.core.ApplicationFilterChain.internalDoFilter(ApplicationFilterChain.java:193) ~[tomcat-embed-core-8.5.34.jar:8.5.34]
	at org.apache.catalina.core.ApplicationFilterChain.doFilter(ApplicationFilterChain.java:166) ~[tomcat-embed-core-8.5.34.jar:8.5.34]
	at org.springframework.web.filter.CharacterEncodingFilter.doFilterInternal(CharacterEncodingFilter.java:200) ~[spring-web-5.0.9.RELEASE.jar:5.0.9.RELEASE]
	at org.springframework.web.filter.OncePerRequestFilter.doFilter(OncePerRequestFilter.java:107) ~[spring-web-5.0.9.RELEASE.jar:5.0.9.RELEASE]
	at org.apache.catalina.core.ApplicationFilterChain.internalDoFilter(ApplicationFilterChain.java:193) ~[tomcat-embed-core-8.5.34.jar:8.5.34]
	at org.apache.catalina.core.ApplicationFilterChain.doFilter(ApplicationFilterChain.java:166) ~[tomcat-embed-core-8.5.34.jar:8.5.34]
	at org.apache.catalina.core.StandardWrapperValve.invoke(StandardWrapperValve.java:198) ~[tomcat-embed-core-8.5.34.jar:8.5.34]
	at org.apache.catalina.core.StandardContextValve.invoke(StandardContextValve.java:96) [tomcat-embed-core-8.5.34.jar:8.5.34]
	at org.apache.catalina.authenticator.AuthenticatorBase.invoke(AuthenticatorBase.java:493) [tomcat-embed-core-8.5.34.jar:8.5.34]
	at org.apache.catalina.core.StandardHostValve.invoke(StandardHostValve.java:140) [tomcat-embed-core-8.5.34.jar:8.5.34]
	at org.apache.catalina.valves.ErrorReportValve.invoke(ErrorReportValve.java:81) [tomcat-embed-core-8.5.34.jar:8.5.34]
	at org.apache.catalina.core.StandardEngineValve.invoke(StandardEngineValve.java:87) [tomcat-embed-core-8.5.34.jar:8.5.34]
	at org.apache.catalina.connector.CoyoteAdapter.service(CoyoteAdapter.java:342) [tomcat-embed-core-8.5.34.jar:8.5.34]
	at org.apache.coyote.http11.Http11Processor.service(Http11Processor.java:800) [tomcat-embed-core-8.5.34.jar:8.5.34]
	at org.apache.coyote.AbstractProcessorLight.process(AbstractProcessorLight.java:66) [tomcat-embed-core-8.5.34.jar:8.5.34]
	at org.apache.coyote.AbstractProtocol$ConnectionHandler.process(AbstractProtocol.java:806) [tomcat-embed-core-8.5.34.jar:8.5.34]
	at org.apache.tomcat.util.net.NioEndpoint$SocketProcessor.doRun(NioEndpoint.java:1498) [tomcat-embed-core-8.5.34.jar:8.5.34]
	at org.apache.tomcat.util.net.SocketProcessorBase.run(SocketProcessorBase.java:49) [tomcat-embed-core-8.5.34.jar:8.5.34]
	at java.util.concurrent.ThreadPoolExecutor.runWorker(ThreadPoolExecutor.java:1149) [na:1.8.0_181]
	at java.util.concurrent.ThreadPoolExecutor$Worker.run(ThreadPoolExecutor.java:624) [na:1.8.0_181]
	at org.apache.tomcat.util.threads.TaskThread$WrappingRunnable.run(TaskThread.java:61) [tomcat-embed-core-8.5.34.jar:8.5.34]
	at java.lang.Thread.run(Thread.java:748) [na:1.8.0_181]

2018-12-04 00:13:13.793  INFO 5136 --- [restartedMain] com.move.MoveApplication                 : Starting MoveApplication on DESKTOP-PCCF2NA with PID 5136 (D:\spring-boot\target\classes started by wxj in D:\spring-boot)
2018-12-04 00:13:13.796  INFO 5136 --- [restartedMain] com.move.MoveApplication                 : No active profile set, falling back to default profiles: default
2018-12-04 00:13:13.901  INFO 5136 --- [restartedMain] ConfigServletWebServerApplicationContext : Refreshing org.springframework.boot.web.servlet.context.AnnotationConfigServletWebServerApplicationContext@1dd30053: startup date [Tue Dec 04 00:13:13 CST 2018]; root of context hierarchy
2018-12-04 00:13:16.157  INFO 5136 --- [restartedMain] trationDelegate$BeanPostProcessorChecker : Bean 'org.springframework.transaction.annotation.ProxyTransactionManagementConfiguration' of type [org.springframework.transaction.annotation.ProxyTransactionManagementConfiguration$$EnhancerBySpringCGLIB$$2a2f6c73] is not eligible for getting processed by all BeanPostProcessors (for example: not eligible for auto-proxying)
2018-12-04 00:13:17.039 ERROR 5136 --- [restartedMain] o.a.catalina.core.AprLifecycleListener   : An incompatible version [1.1.33] of the APR based Apache Tomcat Native library is installed, while Tomcat requires version [1.2.14]
2018-12-04 00:13:17.938  INFO 5136 --- [restartedMain] o.s.b.w.embedded.tomcat.TomcatWebServer  : Tomcat initialized with port(s): 8080 (http)
2018-12-04 00:13:17.968 ERROR 5136 --- [restartedMain] o.a.catalina.core.AprLifecycleListener   : An incompatible version [1.1.33] of the APR based Apache Tomcat Native library is installed, while Tomcat requires version [1.2.14]
2018-12-04 00:13:17.987  INFO 5136 --- [restartedMain] o.apache.catalina.core.StandardService   : Starting service [Tomcat]
2018-12-04 00:13:17.987  INFO 5136 --- [restartedMain] org.apache.catalina.core.StandardEngine  : Starting Servlet Engine: Apache Tomcat/8.5.34
2018-12-04 00:13:18.004 ERROR 5136 --- [localhost-startStop-1] o.a.catalina.core.AprLifecycleListener   : An incompatible version [1.1.33] of the APR based Apache Tomcat Native library is installed, while Tomcat requires version [1.2.14]
2018-12-04 00:13:18.205  INFO 5136 --- [localhost-startStop-1] o.a.c.c.C.[.[localhost].[/aliSMS]        : Initializing Spring embedded WebApplicationContext
2018-12-04 00:13:18.206  INFO 5136 --- [localhost-startStop-1] o.s.web.context.ContextLoader            : Root WebApplicationContext: initialization completed in 4305 ms
2018-12-04 00:13:18.312  INFO 5136 --- [localhost-startStop-1] o.s.b.w.servlet.ServletRegistrationBean  : Servlet dispatcherServlet mapped to [/]
2018-12-04 00:13:18.322  INFO 5136 --- [localhost-startStop-1] o.s.b.w.servlet.FilterRegistrationBean   : Mapping filter: 'characterEncodingFilter' to: [/*]
2018-12-04 00:13:18.323  INFO 5136 --- [localhost-startStop-1] o.s.b.w.servlet.FilterRegistrationBean   : Mapping filter: 'corsFilter' to: [/*]
2018-12-04 00:13:18.719  INFO 5136 --- [restartedMain] com.zaxxer.hikari.HikariDataSource       : HikariPool-1 - Starting...
2018-12-04 00:13:18.785  INFO 5136 --- [restartedMain] com.zaxxer.hikari.pool.PoolBase          : HikariPool-1 - Driver does not support get/set network timeout for connections. (Not yet supported)
2018-12-04 00:13:18.791  INFO 5136 --- [restartedMain] com.zaxxer.hikari.HikariDataSource       : HikariPool-1 - Start completed.
2018-12-04 00:13:18.922  INFO 5136 --- [restartedMain] j.LocalContainerEntityManagerFactoryBean : Building JPA container EntityManagerFactory for persistence unit 'default'
2018-12-04 00:13:18.963  INFO 5136 --- [restartedMain] o.hibernate.jpa.internal.util.LogHelper  : HHH000204: Processing PersistenceUnitInfo [
	name: default
	...]
2018-12-04 00:13:19.126  INFO 5136 --- [restartedMain] org.hibernate.Version                    : HHH000412: Hibernate Core {5.2.17.Final}
2018-12-04 00:13:19.128  INFO 5136 --- [restartedMain] org.hibernate.cfg.Environment            : HHH000206: hibernate.properties not found
2018-12-04 00:13:19.193  INFO 5136 --- [restartedMain] o.hibernate.annotations.common.Version   : HCANN000001: Hibernate Commons Annotations {5.0.1.Final}
2018-12-04 00:13:19.465  INFO 5136 --- [restartedMain] org.hibernate.dialect.Dialect            : HHH000400: Using dialect: org.hibernate.dialect.MySQL5Dialect
2018-12-04 00:13:20.237  INFO 5136 --- [restartedMain] j.LocalContainerEntityManagerFactoryBean : Initialized JPA EntityManagerFactory for persistence unit 'default'
2018-12-04 00:13:20.729  INFO 5136 --- [restartedMain] s.w.s.m.m.a.RequestMappingHandlerMapping : Mapped "{[/login/loadInfo],methods=[GET]}" onto public java.lang.Object com.move.action.LoginAction.loadInfo(java.lang.String,java.lang.String,java.lang.String) throws java.lang.Exception
2018-12-04 00:13:20.732  INFO 5136 --- [restartedMain] s.w.s.m.m.a.RequestMappingHandlerMapping : Mapped "{[/login/loadOut],methods=[GET]}" onto public java.lang.Object com.move.action.LoginAction.loadInfo(com.move.utils.UserInfo)
2018-12-04 00:13:20.735  INFO 5136 --- [restartedMain] s.w.s.m.m.a.RequestMappingHandlerMapping : Mapped "{[/user/changPassword],methods=[GET]}" onto public java.lang.Object com.move.action.UserAction.changPassword(com.move.utils.UserInfo,java.lang.String,java.lang.String) throws java.lang.Exception
2018-12-04 00:13:20.736  INFO 5136 --- [restartedMain] s.w.s.m.m.a.RequestMappingHandlerMapping : Mapped "{[/user/findUserList],methods=[GET]}" onto public java.lang.Object com.move.action.UserAction.findUserData()
2018-12-04 00:13:20.738  INFO 5136 --- [restartedMain] s.w.s.m.m.a.RequestMappingHandlerMapping : Mapped "{[/hello/say],methods=[GET]}" onto public java.lang.String com.move.demo.HelloWorld.say(java.lang.Integer)
2018-12-04 00:13:20.745  INFO 5136 --- [restartedMain] s.w.s.m.m.a.RequestMappingHandlerMapping : Mapped "{[/error]}" onto public org.springframework.http.ResponseEntity<java.util.Map<java.lang.String, java.lang.Object>> org.springframework.boot.autoconfigure.web.servlet.error.BasicErrorController.error(javax.servlet.http.HttpServletRequest)
2018-12-04 00:13:20.747  INFO 5136 --- [restartedMain] s.w.s.m.m.a.RequestMappingHandlerMapping : Mapped "{[/error],produces=[text/html]}" onto public org.springframework.web.servlet.ModelAndView org.springframework.boot.autoconfigure.web.servlet.error.BasicErrorController.errorHtml(javax.servlet.http.HttpServletRequest,javax.servlet.http.HttpServletResponse)
2018-12-04 00:13:20.936  INFO 5136 --- [restartedMain] s.w.s.m.m.a.RequestMappingHandlerAdapter : Looking for @ControllerAdvice: org.springframework.boot.web.servlet.context.AnnotationConfigServletWebServerApplicationContext@1dd30053: startup date [Tue Dec 04 00:13:13 CST 2018]; root of context hierarchy
2018-12-04 00:13:21.298  WARN 5136 --- [restartedMain] aWebConfiguration$JpaWebMvcConfiguration : spring.jpa.open-in-view is enabled by default. Therefore, database queries may be performed during view rendering. Explicitly configure spring.jpa.open-in-view to disable this warning
2018-12-04 00:13:22.092  INFO 5136 --- [restartedMain] o.s.b.d.a.OptionalLiveReloadServer       : LiveReload server is running on port 35729
2018-12-04 00:13:22.166  INFO 5136 --- [restartedMain] o.s.j.e.a.AnnotationMBeanExporter        : Registering beans for JMX exposure on startup
2018-12-04 00:13:22.168  INFO 5136 --- [restartedMain] o.s.j.e.a.AnnotationMBeanExporter        : Bean with name 'dataSource' has been autodetected for JMX exposure
2018-12-04 00:13:22.176  INFO 5136 --- [restartedMain] o.s.j.e.a.AnnotationMBeanExporter        : Located MBean 'dataSource': registering with JMX server as MBean [com.zaxxer.hikari:name=dataSource,type=HikariDataSource]
2018-12-04 00:13:22.248  INFO 5136 --- [restartedMain] o.s.b.w.embedded.tomcat.TomcatWebServer  : Tomcat started on port(s): 8080 (http) with context path '/aliSMS'
2018-12-04 00:13:22.255  INFO 5136 --- [restartedMain] com.move.MoveApplication                 : Started MoveApplication in 9.026 seconds (JVM running for 9.922)
2018-12-04 00:13:42.947 ERROR 5136 --- [http-nio-8080-exec-1] o.a.catalina.core.AprLifecycleListener   : An incompatible version [1.1.33] of the APR based Apache Tomcat Native library is installed, while Tomcat requires version [1.2.14]
2018-12-04 00:13:42.962  INFO 5136 --- [http-nio-8080-exec-1] o.a.c.c.C.[.[localhost].[/aliSMS]        : Initializing Spring FrameworkServlet 'dispatcherServlet'
2018-12-04 00:13:42.962  INFO 5136 --- [http-nio-8080-exec-1] o.s.web.servlet.DispatcherServlet        : FrameworkServlet 'dispatcherServlet': initialization started
2018-12-04 00:13:43.006  INFO 5136 --- [http-nio-8080-exec-1] o.s.web.servlet.DispatcherServlet        : FrameworkServlet 'dispatcherServlet': initialization completed in 43 ms
2018-12-04 00:13:43.352  INFO 5136 --- [http-nio-8080-exec-1] o.h.h.i.QueryTranslatorFactoryInitiator  : HHH000397: Using ASTQueryTranslatorFactory
2018-12-04 00:13:43.835  WARN 5136 --- [http-nio-8080-exec-2] o.s.web.servlet.PageNotFound             : No mapping found for HTTP request with URI [/aliSMS/huoli/htChart/dataChart12] in DispatcherServlet with name 'dispatcherServlet'
2018-12-04 00:13:44.134  WARN 5136 --- [http-nio-8080-exec-3] o.s.web.servlet.PageNotFound             : No mapping found for HTTP request with URI [/aliSMS/huoli/htChart/yearData] in DispatcherServlet with name 'dispatcherServlet'
2018-12-04 00:13:44.153  WARN 5136 --- [http-nio-8080-exec-4] o.s.web.servlet.PageNotFound             : No mapping found for HTTP request with URI [/aliSMS/huoli/org/findDeptMap] in DispatcherServlet with name 'dispatcherServlet'
2018-12-04 00:13:44.174 ERROR 5136 --- [http-nio-8080-exec-6] o.a.catalina.core.AprLifecycleListener   : An incompatible version [1.1.33] of the APR based Apache Tomcat Native library is installed, while Tomcat requires version [1.2.14]
2018-12-04 00:13:44.178  WARN 5136 --- [http-nio-8080-exec-6] o.s.web.servlet.PageNotFound             : No mapping found for HTTP request with URI [/aliSMS/huoli/htChart/findDeptRank] in DispatcherServlet with name 'dispatcherServlet'
2018-12-04 00:13:44.178  WARN 5136 --- [http-nio-8080-exec-5] o.s.web.servlet.PageNotFound             : No mapping found for HTTP request with URI [/aliSMS/huoli/org/findGroupMap] in DispatcherServlet with name 'dispatcherServlet'
2018-12-04 00:13:44.759  WARN 5136 --- [http-nio-8080-exec-7] o.s.web.servlet.PageNotFound             : No mapping found for HTTP request with URI [/aliSMS/huoli/htChart/getDeptData] in DispatcherServlet with name 'dispatcherServlet'
2018-12-04 00:13:44.855  WARN 5136 --- [http-nio-8080-exec-8] o.s.web.servlet.PageNotFound             : No mapping found for HTTP request with URI [/aliSMS/huoli/htChart/getTagData] in DispatcherServlet with name 'dispatcherServlet'
2018-12-04 00:18:25.935  WARN 5136 --- [http-nio-8080-exec-10] o.s.web.servlet.PageNotFound             : No mapping found for HTTP request with URI [/aliSMS/huoli/org/deptDataGrid] in DispatcherServlet with name 'dispatcherServlet'
2018-12-04 00:19:33.508  WARN 5136 --- [http-nio-8080-exec-1] o.s.web.servlet.PageNotFound             : No mapping found for HTTP request with URI [/aliSMS/huoli/org/deptDataGrid] in DispatcherServlet with name 'dispatcherServlet'
2018-12-04 00:20:27.911  WARN 5136 --- [http-nio-8080-exec-2] o.s.web.servlet.PageNotFound             : No mapping found for HTTP request with URI [/aliSMS/huoli/org/deptDataGrid] in DispatcherServlet with name 'dispatcherServlet'
2018-12-04 00:20:35.242  WARN 5136 --- [http-nio-8080-exec-3] o.s.web.servlet.PageNotFound             : No mapping found for HTTP request with URI [/aliSMS/huoli/user/userDataGrid] in DispatcherServlet with name 'dispatcherServlet'
2018-12-04 00:20:35.544  WARN 5136 --- [http-nio-8080-exec-4] o.s.web.servlet.PageNotFound             : No mapping found for HTTP request with URI [/aliSMS/huoli/org/findDeptMap] in DispatcherServlet with name 'dispatcherServlet'
2018-12-04 00:20:35.553  WARN 5136 --- [http-nio-8080-exec-5] o.s.web.servlet.PageNotFound             : No mapping found for HTTP request with URI [/aliSMS/huoli/org/findGroupMap] in DispatcherServlet with name 'dispatcherServlet'
2018-12-04 00:20:39.003  WARN 5136 --- [http-nio-8080-exec-6] o.s.web.servlet.PageNotFound             : No mapping found for HTTP request with URI [/aliSMS/huoli/org/deptDataGrid] in DispatcherServlet with name 'dispatcherServlet'
2018-12-04 00:21:43.021  WARN 5136 --- [http-nio-8080-exec-7] o.s.web.servlet.PageNotFound             : No mapping found for HTTP request with URI [/aliSMS/huoli/org/deptDataGrid] in DispatcherServlet with name 'dispatcherServlet'
2018-12-04 00:21:57.516  WARN 5136 --- [http-nio-8080-exec-8] o.s.web.servlet.PageNotFound             : No mapping found for HTTP request with URI [/aliSMS/huoli/data/msgHistoryDatagrid] in DispatcherServlet with name 'dispatcherServlet'
2018-12-04 00:21:59.456  WARN 5136 --- [http-nio-8080-exec-9] o.s.web.servlet.PageNotFound             : No mapping found for HTTP request with URI [/aliSMS/huoli/user/userDataGrid] in DispatcherServlet with name 'dispatcherServlet'
2018-12-04 00:21:59.759  WARN 5136 --- [http-nio-8080-exec-10] o.s.web.servlet.PageNotFound             : No mapping found for HTTP request with URI [/aliSMS/huoli/org/findDeptMap] in DispatcherServlet with name 'dispatcherServlet'
2018-12-04 00:21:59.760  WARN 5136 --- [http-nio-8080-exec-1] o.s.web.servlet.PageNotFound             : No mapping found for HTTP request with URI [/aliSMS/huoli/org/findGroupMap] in DispatcherServlet with name 'dispatcherServlet'
2018-12-04 00:22:48.690  WARN 5136 --- [http-nio-8080-exec-2] o.s.web.servlet.PageNotFound             : No mapping found for HTTP request with URI [/aliSMS/huoli/user/userDataGrid] in DispatcherServlet with name 'dispatcherServlet'
2018-12-04 00:22:48.691  WARN 5136 --- [http-nio-8080-exec-3] o.s.web.servlet.PageNotFound             : No mapping found for HTTP request with URI [/aliSMS/huoli/org/findDeptMap] in DispatcherServlet with name 'dispatcherServlet'
2018-12-04 00:22:48.703  WARN 5136 --- [http-nio-8080-exec-2] o.s.web.servlet.PageNotFound             : No mapping found for HTTP request with URI [/aliSMS/huoli/org/findGroupMap] in DispatcherServlet with name 'dispatcherServlet'
2018-12-04 00:22:58.200  WARN 5136 --- [http-nio-8080-exec-4] o.s.web.servlet.PageNotFound             : No mapping found for HTTP request with URI [/aliSMS/huoli/user/userDataGrid] in DispatcherServlet with name 'dispatcherServlet'
2018-12-04 00:22:58.200  WARN 5136 --- [http-nio-8080-exec-6] o.s.web.servlet.PageNotFound             : No mapping found for HTTP request with URI [/aliSMS/huoli/org/findDeptMap] in DispatcherServlet with name 'dispatcherServlet'
2018-12-04 00:22:58.502  WARN 5136 --- [http-nio-8080-exec-7] o.s.web.servlet.PageNotFound             : No mapping found for HTTP request with URI [/aliSMS/huoli/org/findGroupMap] in DispatcherServlet with name 'dispatcherServlet'
2018-12-04 00:23:03.528  WARN 5136 --- [http-nio-8080-exec-8] o.s.web.servlet.PageNotFound             : No mapping found for HTTP request with URI [/aliSMS/huoli/file/getFileDataGrid] in DispatcherServlet with name 'dispatcherServlet'
2018-12-04 00:23:22.027  WARN 5136 --- [http-nio-8080-exec-9] o.s.web.servlet.PageNotFound             : No mapping found for HTTP request with URI [/aliSMS/huoli/user/userDataGrid] in DispatcherServlet with name 'dispatcherServlet'
2018-12-04 00:23:22.028  WARN 5136 --- [http-nio-8080-exec-10] o.s.web.servlet.PageNotFound             : No mapping found for HTTP request with URI [/aliSMS/huoli/org/findDeptMap] in DispatcherServlet with name 'dispatcherServlet'
2018-12-04 00:23:22.036  WARN 5136 --- [http-nio-8080-exec-9] o.s.web.servlet.PageNotFound             : No mapping found for HTTP request with URI [/aliSMS/huoli/org/findGroupMap] in DispatcherServlet with name 'dispatcherServlet'
2018-12-04 00:23:23.735  WARN 5136 --- [http-nio-8080-exec-3] o.s.web.servlet.PageNotFound             : No mapping found for HTTP request with URI [/aliSMS/huoli/data/msgHistoryDatagrid] in DispatcherServlet with name 'dispatcherServlet'
2018-12-04 00:23:26.717  WARN 5136 --- [http-nio-8080-exec-5] o.s.web.servlet.PageNotFound             : No mapping found for HTTP request with URI [/aliSMS/huoli/user/userDataGrid] in DispatcherServlet with name 'dispatcherServlet'
2018-12-04 00:23:27.018  WARN 5136 --- [http-nio-8080-exec-4] o.s.web.servlet.PageNotFound             : No mapping found for HTTP request with URI [/aliSMS/huoli/org/findGroupMap] in DispatcherServlet with name 'dispatcherServlet'
2018-12-04 00:23:27.022  WARN 5136 --- [http-nio-8080-exec-2] o.s.web.servlet.PageNotFound             : No mapping found for HTTP request with URI [/aliSMS/huoli/org/findDeptMap] in DispatcherServlet with name 'dispatcherServlet'
2018-12-04 00:24:58.515  WARN 5136 --- [http-nio-8080-exec-6] o.s.web.servlet.PageNotFound             : No mapping found for HTTP request with URI [/aliSMS/huoli/user/userDataGrid] in DispatcherServlet with name 'dispatcherServlet'
2018-12-04 00:24:58.516  WARN 5136 --- [http-nio-8080-exec-7] o.s.web.servlet.PageNotFound             : No mapping found for HTTP request with URI [/aliSMS/huoli/org/findDeptMap] in DispatcherServlet with name 'dispatcherServlet'
2018-12-04 00:24:58.516 ERROR 5136 --- [http-nio-8080-exec-8] o.a.catalina.core.AprLifecycleListener   : An incompatible version [1.1.33] of the APR based Apache Tomcat Native library is installed, while Tomcat requires version [1.2.14]
2018-12-04 00:24:58.518  WARN 5136 --- [http-nio-8080-exec-8] o.s.web.servlet.PageNotFound             : No mapping found for HTTP request with URI [/aliSMS/huoli/org/findGroupMap] in DispatcherServlet with name 'dispatcherServlet'
2018-12-04 00:27:51.839  WARN 5136 --- [http-nio-8080-exec-1] o.s.web.servlet.PageNotFound             : No mapping found for HTTP request with URI [/aliSMS/huoli/org/deptDataGrid] in DispatcherServlet with name 'dispatcherServlet'
2018-12-04 00:27:54.860  WARN 5136 --- [http-nio-8080-exec-9] o.s.web.servlet.PageNotFound             : No mapping found for HTTP request with URI [/aliSMS/huoli/file/getFileDataGrid] in DispatcherServlet with name 'dispatcherServlet'
2018-12-04 00:27:56.358  WARN 5136 --- [http-nio-8080-exec-3] o.s.web.servlet.PageNotFound             : No mapping found for HTTP request with URI [/aliSMS/huoli/user/userDataGrid] in DispatcherServlet with name 'dispatcherServlet'
2018-12-04 00:27:56.363  WARN 5136 --- [http-nio-8080-exec-5] o.s.web.servlet.PageNotFound             : No mapping found for HTTP request with URI [/aliSMS/huoli/org/findDeptMap] in DispatcherServlet with name 'dispatcherServlet'
2018-12-04 00:27:56.662  WARN 5136 --- [http-nio-8080-exec-4] o.s.web.servlet.PageNotFound             : No mapping found for HTTP request with URI [/aliSMS/huoli/org/findGroupMap] in DispatcherServlet with name 'dispatcherServlet'
2018-12-04 00:27:59.246  WARN 5136 --- [http-nio-8080-exec-2] o.s.web.servlet.PageNotFound             : No mapping found for HTTP request with URI [/aliSMS/huoli/data/msgHistoryDatagrid] in DispatcherServlet with name 'dispatcherServlet'
2018-12-04 00:28:00.279  WARN 5136 --- [http-nio-8080-exec-7] o.s.web.servlet.PageNotFound             : No mapping found for HTTP request with URI [/aliSMS/huoli/user/userDataGrid] in DispatcherServlet with name 'dispatcherServlet'
2018-12-04 00:28:00.285  WARN 5136 --- [http-nio-8080-exec-8] o.s.web.servlet.PageNotFound             : No mapping found for HTTP request with URI [/aliSMS/huoli/org/findDeptMap] in DispatcherServlet with name 'dispatcherServlet'
2018-12-04 00:28:00.579  WARN 5136 --- [http-nio-8080-exec-6] o.s.web.servlet.PageNotFound             : No mapping found for HTTP request with URI [/aliSMS/huoli/org/findGroupMap] in DispatcherServlet with name 'dispatcherServlet'
2018-12-04 00:28:02.642  WARN 5136 --- [http-nio-8080-exec-10] o.s.web.servlet.PageNotFound             : No mapping found for HTTP request with URI [/aliSMS/huoli/data/msgHistoryDatagrid] in DispatcherServlet with name 'dispatcherServlet'
2018-12-04 00:28:03.592  WARN 5136 --- [http-nio-8080-exec-9] o.s.web.servlet.PageNotFound             : No mapping found for HTTP request with URI [/aliSMS/huoli/org/findDeptMap] in DispatcherServlet with name 'dispatcherServlet'
2018-12-04 00:28:03.594  WARN 5136 --- [http-nio-8080-exec-1] o.s.web.servlet.PageNotFound             : No mapping found for HTTP request with URI [/aliSMS/huoli/user/userDataGrid] in DispatcherServlet with name 'dispatcherServlet'
2018-12-04 00:28:03.919  WARN 5136 --- [http-nio-8080-exec-3] o.s.web.servlet.PageNotFound             : No mapping found for HTTP request with URI [/aliSMS/huoli/org/findGroupMap] in DispatcherServlet with name 'dispatcherServlet'
2018-12-04 00:28:07.287  WARN 5136 --- [http-nio-8080-exec-5] o.s.web.servlet.PageNotFound             : No mapping found for HTTP request with URI [/aliSMS/huoli/data/msgHistoryDatagrid] in DispatcherServlet with name 'dispatcherServlet'
2018-12-04 00:28:13.755  WARN 5136 --- [http-nio-8080-exec-4] o.s.web.servlet.PageNotFound             : No mapping found for HTTP request with URI [/aliSMS/huoli/user/userDataGrid] in DispatcherServlet with name 'dispatcherServlet'
2018-12-04 00:28:13.762  WARN 5136 --- [http-nio-8080-exec-4] o.s.web.servlet.PageNotFound             : No mapping found for HTTP request with URI [/aliSMS/huoli/org/findDeptMap] in DispatcherServlet with name 'dispatcherServlet'
2018-12-04 00:28:13.765  WARN 5136 --- [http-nio-8080-exec-2] o.s.web.servlet.PageNotFound             : No mapping found for HTTP request with URI [/aliSMS/huoli/org/findGroupMap] in DispatcherServlet with name 'dispatcherServlet'
2018-12-04 00:28:17.280  WARN 5136 --- [http-nio-8080-exec-8] o.s.web.servlet.PageNotFound             : No mapping found for HTTP request with URI [/aliSMS/huoli/data/msgHistoryDatagrid] in DispatcherServlet with name 'dispatcherServlet'
2018-12-04 00:28:28.711  WARN 5136 --- [http-nio-8080-exec-6] o.s.web.servlet.PageNotFound             : No mapping found for HTTP request with URI [/aliSMS/huoli/org/deptDataGrid] in DispatcherServlet with name 'dispatcherServlet'
2018-12-04 00:28:35.692  WARN 5136 --- [http-nio-8080-exec-10] o.s.web.servlet.PageNotFound             : No mapping found for HTTP request with URI [/aliSMS/huoli/user/userDataGrid] in DispatcherServlet with name 'dispatcherServlet'
2018-12-04 00:28:35.992  WARN 5136 --- [http-nio-8080-exec-1] o.s.web.servlet.PageNotFound             : No mapping found for HTTP request with URI [/aliSMS/huoli/org/findDeptMap] in DispatcherServlet with name 'dispatcherServlet'
2018-12-04 00:28:36.007  WARN 5136 --- [http-nio-8080-exec-9] o.s.web.servlet.PageNotFound             : No mapping found for HTTP request with URI [/aliSMS/huoli/org/findGroupMap] in DispatcherServlet with name 'dispatcherServlet'
2018-12-04 00:28:37.351  WARN 5136 --- [http-nio-8080-exec-3] o.s.web.servlet.PageNotFound             : No mapping found for HTTP request with URI [/aliSMS/huoli/org/deptDataGrid] in DispatcherServlet with name 'dispatcherServlet'
2018-12-04 00:29:18.703  WARN 5136 --- [http-nio-8080-exec-5] o.s.web.servlet.PageNotFound             : No mapping found for HTTP request with URI [/aliSMS/huoli/user/userDataGrid] in DispatcherServlet with name 'dispatcherServlet'
2018-12-04 00:29:18.705  WARN 5136 --- [http-nio-8080-exec-4] o.s.web.servlet.PageNotFound             : No mapping found for HTTP request with URI [/aliSMS/huoli/org/findDeptMap] in DispatcherServlet with name 'dispatcherServlet'
2018-12-04 00:29:19.008  WARN 5136 --- [http-nio-8080-exec-7] o.s.web.servlet.PageNotFound             : No mapping found for HTTP request with URI [/aliSMS/huoli/org/findGroupMap] in DispatcherServlet with name 'dispatcherServlet'
2018-12-04 00:29:19.624  WARN 5136 --- [http-nio-8080-exec-2] o.s.web.servlet.PageNotFound             : No mapping found for HTTP request with URI [/aliSMS/huoli/data/msgHistoryDatagrid] in DispatcherServlet with name 'dispatcherServlet'
2018-12-04 00:29:21.139  WARN 5136 --- [http-nio-8080-exec-8] o.s.web.servlet.PageNotFound             : No mapping found for HTTP request with URI [/aliSMS/huoli/user/userDataGrid] in DispatcherServlet with name 'dispatcherServlet'
2018-12-04 00:29:21.146  WARN 5136 --- [http-nio-8080-exec-8] o.s.web.servlet.PageNotFound             : No mapping found for HTTP request with URI [/aliSMS/huoli/org/findDeptMap] in DispatcherServlet with name 'dispatcherServlet'
2018-12-04 00:29:21.443  WARN 5136 --- [http-nio-8080-exec-10] o.s.web.servlet.PageNotFound             : No mapping found for HTTP request with URI [/aliSMS/huoli/org/findGroupMap] in DispatcherServlet with name 'dispatcherServlet'
2018-12-04 00:29:23.695  WARN 5136 --- [http-nio-8080-exec-1] o.s.web.servlet.PageNotFound             : No mapping found for HTTP request with URI [/aliSMS/huoli/file/getFileDataGrid] in DispatcherServlet with name 'dispatcherServlet'
2018-12-04 00:30:24.377  WARN 5136 --- [http-nio-8080-exec-9] o.s.web.servlet.PageNotFound             : No mapping found for HTTP request with URI [/aliSMS/huoli/file/getFileDataGrid] in DispatcherServlet with name 'dispatcherServlet'
2018-12-04 00:30:39.687  WARN 5136 --- [http-nio-8080-exec-3] o.s.web.servlet.PageNotFound             : No mapping found for HTTP request with URI [/aliSMS/huoli/file/getFileDataGrid] in DispatcherServlet with name 'dispatcherServlet'
2018-12-04 00:30:48.965  WARN 5136 --- [http-nio-8080-exec-4] o.s.web.servlet.PageNotFound             : No mapping found for HTTP request with URI [/aliSMS/huoli/org/deptDataGrid] in DispatcherServlet with name 'dispatcherServlet'
2018-12-04 00:31:54.591  WARN 5136 --- [http-nio-8080-exec-5] o.s.web.servlet.PageNotFound             : No mapping found for HTTP request with URI [/aliSMS/huoli/org/deptDataGrid] in DispatcherServlet with name 'dispatcherServlet'
2018-12-04 00:39:08.509  WARN 5136 --- [http-nio-8080-exec-7] o.s.web.servlet.PageNotFound             : No mapping found for HTTP request with URI [/aliSMS/huoli/org/deptDataGrid] in DispatcherServlet with name 'dispatcherServlet'
2018-12-04 00:39:51.208  WARN 5136 --- [http-nio-8080-exec-2] o.s.web.servlet.PageNotFound             : No mapping found for HTTP request with URI [/aliSMS/huoli/org/deptDataGrid] in DispatcherServlet with name 'dispatcherServlet'
2018-12-04 00:40:02.725  WARN 5136 --- [http-nio-8080-exec-6] o.s.web.servlet.PageNotFound             : No mapping found for HTTP request with URI [/aliSMS/huoli/org/deptDataGrid] in DispatcherServlet with name 'dispatcherServlet'
2018-12-04 00:40:14.720  WARN 5136 --- [http-nio-8080-exec-8] o.s.web.servlet.PageNotFound             : No mapping found for HTTP request with URI [/aliSMS/huoli/org/deptDataGrid] in DispatcherServlet with name 'dispatcherServlet'
2018-12-04 00:40:31.552  WARN 5136 --- [http-nio-8080-exec-10] o.s.web.servlet.PageNotFound             : No mapping found for HTTP request with URI [/aliSMS/huoli/org/deptDataGrid] in DispatcherServlet with name 'dispatcherServlet'
2018-12-04 00:40:51.525  WARN 5136 --- [http-nio-8080-exec-1] o.s.web.servlet.PageNotFound             : No mapping found for HTTP request with URI [/aliSMS/huoli/user/userDataGrid] in DispatcherServlet with name 'dispatcherServlet'
2018-12-04 00:40:51.836  WARN 5136 --- [http-nio-8080-exec-9] o.s.web.servlet.PageNotFound             : No mapping found for HTTP request with URI [/aliSMS/huoli/org/findDeptMap] in DispatcherServlet with name 'dispatcherServlet'
2018-12-04 00:40:51.842  WARN 5136 --- [http-nio-8080-exec-9] o.s.web.servlet.PageNotFound             : No mapping found for HTTP request with URI [/aliSMS/huoli/org/findGroupMap] in DispatcherServlet with name 'dispatcherServlet'
2018-12-04 00:41:29.128  WARN 5136 --- [http-nio-8080-exec-4] o.s.web.servlet.PageNotFound             : No mapping found for HTTP request with URI [/aliSMS/huoli/user/userDataGrid] in DispatcherServlet with name 'dispatcherServlet'
2018-12-04 00:41:29.354  WARN 5136 --- [http-nio-8080-exec-5] o.s.web.servlet.PageNotFound             : No mapping found for HTTP request with URI [/aliSMS/huoli/org/findDeptMap] in DispatcherServlet with name 'dispatcherServlet'
2018-12-04 00:41:29.431  WARN 5136 --- [http-nio-8080-exec-7] o.s.web.servlet.PageNotFound             : No mapping found for HTTP request with URI [/aliSMS/huoli/org/findGroupMap] in DispatcherServlet with name 'dispatcherServlet'
2018-12-04 00:41:33.798  WARN 5136 --- [http-nio-8080-exec-2] o.s.web.servlet.PageNotFound             : No mapping found for HTTP request with URI [/aliSMS/huoli/user/userDataGrid] in DispatcherServlet with name 'dispatcherServlet'
2018-12-04 00:41:34.102  WARN 5136 --- [http-nio-8080-exec-6] o.s.web.servlet.PageNotFound             : No mapping found for HTTP request with URI [/aliSMS/huoli/org/findDeptMap] in DispatcherServlet with name 'dispatcherServlet'
2018-12-04 00:41:34.106  WARN 5136 --- [http-nio-8080-exec-6] o.s.web.servlet.PageNotFound             : No mapping found for HTTP request with URI [/aliSMS/huoli/org/findGroupMap] in DispatcherServlet with name 'dispatcherServlet'
2018-12-04 00:41:45.251  WARN 5136 --- [http-nio-8080-exec-10] o.s.web.servlet.PageNotFound             : No mapping found for HTTP request with URI [/aliSMS/huoli/user/userDataGrid] in DispatcherServlet with name 'dispatcherServlet'
2018-12-04 00:41:45.477  WARN 5136 --- [http-nio-8080-exec-1] o.s.web.servlet.PageNotFound             : No mapping found for HTTP request with URI [/aliSMS/huoli/org/findDeptMap] in DispatcherServlet with name 'dispatcherServlet'
2018-12-04 00:41:45.553  WARN 5136 --- [http-nio-8080-exec-9] o.s.web.servlet.PageNotFound             : No mapping found for HTTP request with URI [/aliSMS/huoli/org/findGroupMap] in DispatcherServlet with name 'dispatcherServlet'
2018-12-04 00:42:46.163  WARN 5136 --- [http-nio-8080-exec-3] o.s.web.servlet.PageNotFound             : No mapping found for HTTP request with URI [/aliSMS/huoli/user/userDataGrid] in DispatcherServlet with name 'dispatcherServlet'
2018-12-04 00:42:46.163  WARN 5136 --- [http-nio-8080-exec-4] o.s.web.servlet.PageNotFound             : No mapping found for HTTP request with URI [/aliSMS/huoli/org/findDeptMap] in DispatcherServlet with name 'dispatcherServlet'
2018-12-04 00:42:46.464  WARN 5136 --- [http-nio-8080-exec-5] o.s.web.servlet.PageNotFound             : No mapping found for HTTP request with URI [/aliSMS/huoli/org/findGroupMap] in DispatcherServlet with name 'dispatcherServlet'
2018-12-04 00:43:44.126  WARN 5136 --- [http-nio-8080-exec-7] o.s.web.servlet.PageNotFound             : No mapping found for HTTP request with URI [/aliSMS/huoli/user/userDataGrid] in DispatcherServlet with name 'dispatcherServlet'
2018-12-04 00:43:44.354  WARN 5136 --- [http-nio-8080-exec-2] o.s.web.servlet.PageNotFound             : No mapping found for HTTP request with URI [/aliSMS/huoli/org/findDeptMap] in DispatcherServlet with name 'dispatcherServlet'
2018-12-04 00:43:44.428  WARN 5136 --- [http-nio-8080-exec-8] o.s.web.servlet.PageNotFound             : No mapping found for HTTP request with URI [/aliSMS/huoli/org/findGroupMap] in DispatcherServlet with name 'dispatcherServlet'
2018-12-04 00:43:53.114  WARN 5136 --- [http-nio-8080-exec-6] o.s.web.servlet.PageNotFound             : No mapping found for HTTP request with URI [/aliSMS/huoli/user/userDataGrid] in DispatcherServlet with name 'dispatcherServlet'
2018-12-04 00:43:53.416  WARN 5136 --- [http-nio-8080-exec-10] o.s.web.servlet.PageNotFound             : No mapping found for HTTP request with URI [/aliSMS/huoli/org/findDeptMap] in DispatcherServlet with name 'dispatcherServlet'
2018-12-04 00:43:53.427  WARN 5136 --- [http-nio-8080-exec-1] o.s.web.servlet.PageNotFound             : No mapping found for HTTP request with URI [/aliSMS/huoli/org/findGroupMap] in DispatcherServlet with name 'dispatcherServlet'
2018-12-04 00:43:57.810  WARN 5136 --- [http-nio-8080-exec-9] o.s.web.servlet.PageNotFound             : No mapping found for HTTP request with URI [/aliSMS/huoli/user/userDataGrid] in DispatcherServlet with name 'dispatcherServlet'
2018-12-04 00:43:58.042  WARN 5136 --- [http-nio-8080-exec-4] o.s.web.servlet.PageNotFound             : No mapping found for HTTP request with URI [/aliSMS/huoli/org/findDeptMap] in DispatcherServlet with name 'dispatcherServlet'
2018-12-04 00:43:58.116  WARN 5136 --- [http-nio-8080-exec-3] o.s.web.servlet.PageNotFound             : No mapping found for HTTP request with URI [/aliSMS/huoli/org/findGroupMap] in DispatcherServlet with name 'dispatcherServlet'
2018-12-04 00:44:00.534  WARN 5136 --- [http-nio-8080-exec-5] o.s.web.servlet.PageNotFound             : No mapping found for HTTP request with URI [/aliSMS/huoli/user/userDataGrid] in DispatcherServlet with name 'dispatcherServlet'
2018-12-04 00:44:00.840  WARN 5136 --- [http-nio-8080-exec-2] o.s.web.servlet.PageNotFound             : No mapping found for HTTP request with URI [/aliSMS/huoli/org/findGroupMap] in DispatcherServlet with name 'dispatcherServlet'
2018-12-04 00:44:00.840  WARN 5136 --- [http-nio-8080-exec-7] o.s.web.servlet.PageNotFound             : No mapping found for HTTP request with URI [/aliSMS/huoli/org/findDeptMap] in DispatcherServlet with name 'dispatcherServlet'
2018-12-04 00:44:43.336  WARN 5136 --- [http-nio-8080-exec-8] o.s.web.servlet.PageNotFound             : No mapping found for HTTP request with URI [/aliSMS/huoli/user/userDataGrid] in DispatcherServlet with name 'dispatcherServlet'
2018-12-04 00:44:43.564  WARN 5136 --- [http-nio-8080-exec-6] o.s.web.servlet.PageNotFound             : No mapping found for HTTP request with URI [/aliSMS/huoli/org/findDeptMap] in DispatcherServlet with name 'dispatcherServlet'
2018-12-04 00:44:43.907  WARN 5136 --- [http-nio-8080-exec-10] o.s.web.servlet.PageNotFound             : No mapping found for HTTP request with URI [/aliSMS/huoli/org/findGroupMap] in DispatcherServlet with name 'dispatcherServlet'
2018-12-04 00:44:56.692  WARN 5136 --- [http-nio-8080-exec-1] o.s.web.servlet.PageNotFound             : No mapping found for HTTP request with URI [/aliSMS/huoli/user/userDataGrid] in DispatcherServlet with name 'dispatcherServlet'
2018-12-04 00:44:56.920  WARN 5136 --- [http-nio-8080-exec-9] o.s.web.servlet.PageNotFound             : No mapping found for HTTP request with URI [/aliSMS/huoli/org/findDeptMap] in DispatcherServlet with name 'dispatcherServlet'
2018-12-04 00:44:56.996  WARN 5136 --- [http-nio-8080-exec-4] o.s.web.servlet.PageNotFound             : No mapping found for HTTP request with URI [/aliSMS/huoli/org/findGroupMap] in DispatcherServlet with name 'dispatcherServlet'
2018-12-04 00:45:03.315  WARN 5136 --- [http-nio-8080-exec-3] o.s.web.servlet.PageNotFound             : No mapping found for HTTP request with URI [/aliSMS/huoli/data/msgHistoryDatagrid] in DispatcherServlet with name 'dispatcherServlet'
2018-12-04 00:45:46.429  WARN 5136 --- [http-nio-8080-exec-5] o.s.web.servlet.PageNotFound             : No mapping found for HTTP request with URI [/aliSMS/huoli/data/msgHistoryDatagrid] in DispatcherServlet with name 'dispatcherServlet'
2018-12-04 00:46:42.392  WARN 5136 --- [http-nio-8080-exec-2] o.s.web.servlet.PageNotFound             : No mapping found for HTTP request with URI [/aliSMS/huoli/data/msgHistoryDatagrid] in DispatcherServlet with name 'dispatcherServlet'
2018-12-04 00:47:41.500  WARN 5136 --- [http-nio-8080-exec-7] o.s.web.servlet.PageNotFound             : No mapping found for HTTP request with URI [/aliSMS/huoli/data/msgHistoryDatagrid] in DispatcherServlet with name 'dispatcherServlet'
2018-12-04 00:48:20.813  WARN 5136 --- [http-nio-8080-exec-8] o.s.web.servlet.PageNotFound             : No mapping found for HTTP request with URI [/aliSMS/huoli/user/userDataGrid] in DispatcherServlet with name 'dispatcherServlet'
2018-12-04 00:48:21.114  WARN 5136 --- [http-nio-8080-exec-6] o.s.web.servlet.PageNotFound             : No mapping found for HTTP request with URI [/aliSMS/huoli/org/findDeptMap] in DispatcherServlet with name 'dispatcherServlet'
2018-12-04 00:48:21.124  WARN 5136 --- [http-nio-8080-exec-10] o.s.web.servlet.PageNotFound             : No mapping found for HTTP request with URI [/aliSMS/huoli/org/findGroupMap] in DispatcherServlet with name 'dispatcherServlet'
2018-12-04 00:48:24.172  WARN 5136 --- [http-nio-8080-exec-1] o.s.web.servlet.PageNotFound             : No mapping found for HTTP request with URI [/aliSMS/huoli/file/getFileDataGrid] in DispatcherServlet with name 'dispatcherServlet'
2018-12-04 00:48:26.594  WARN 5136 --- [http-nio-8080-exec-9] o.s.web.servlet.PageNotFound             : No mapping found for HTTP request with URI [/aliSMS/huoli/user/userDataGrid] in DispatcherServlet with name 'dispatcherServlet'
2018-12-04 00:48:26.598  WARN 5136 --- [http-nio-8080-exec-4] o.s.web.servlet.PageNotFound             : No mapping found for HTTP request with URI [/aliSMS/huoli/org/findDeptMap] in DispatcherServlet with name 'dispatcherServlet'
2018-12-04 00:48:26.898  WARN 5136 --- [http-nio-8080-exec-3] o.s.web.servlet.PageNotFound             : No mapping found for HTTP request with URI [/aliSMS/huoli/org/findGroupMap] in DispatcherServlet with name 'dispatcherServlet'
